<?xml version="1.0" encoding="UTF-8"?>
<!-- Generated by org.testng.reporters.JUnitReportReporter -->
<testsuite skipped="2" hostname="LAPTOP-9VR0TBCF" name="com.SeleniumTest.TC3DB_4Logout" tests="5" failures="0" timestamp="27 Sep 2020 19:00:47 GMT" time="150.796" errors="1">
  <testcase name="TC3" time="0.000" classname="com.SeleniumTest.TC3DB_4Logout">
    <skipped/>
  </testcase> <!-- TC3 -->
  <testcase name="TC3" time="53.536" classname="com.SeleniumTest.TC3DB_4Logout"/>
  <testcase name="TC4_logout" time="0.000" classname="com.SeleniumTest.TC3DB_4Logout">
    <skipped/>
  </testcase> <!-- TC4_logout -->
  <testcase name="setup" time="80.418" classname="com.SeleniumTest.TC3DB_4Logout">
    <error type="org.openqa.selenium.WebDriverException" message="chrome not reachable
Build info: version: &#039;3.141.59&#039;, revision: &#039;e82be7d358&#039;, time: &#039;2018-11-14T08:17:03&#039;
System info: host: &#039;LAPTOP-9VR0TBCF&#039;, ip: &#039;192.168.1.16&#039;, os.name: &#039;Windows 10&#039;, os.arch: &#039;amd64&#039;, os.version: &#039;10.0&#039;, java.version: &#039;1.8.0_261&#039;
Driver info: driver.version: EdgeDriver
remote stacktrace: Backtrace:
	Ordinal0 [0x0111CB23+3197731]
	Ordinal0 [0x00EF75A2+947618]
	Ordinal0 [0x00EEE50A+910602]
	Ordinal0 [0x00E81813+464915]
	Ordinal0 [0x00E7EB78+453496]
	Ordinal0 [0x00E7BC1E+441374]
	Ordinal0 [0x00E9EE4B+585291]
	Ordinal0 [0x00E9E8ED+583917]
	Ordinal0 [0x00E9CD4B+576843]
	Ordinal0 [0x00E832F2+471794]
	Ordinal0 [0x00E8405A+475226]
	Ordinal0 [0x00E83FF7+475127]
	Ordinal0 [0x01040ECB+2297547]
	GetHandleVerifier [0x0121ADBD+940285]
	GetHandleVerifier [0x0122B937+1008759]
	GetHandleVerifier [0x0121B6E6+942630]
	Ordinal0 [0x01039918+2267416]
	Ordinal0 [0x0104246B+2303083]
	Ordinal0 [0x010425DA+2303450]
	Ordinal0 [0x010505C0+2360768]
	BaseThreadInitThunk [0x76766359+25]
	RtlGetAppContainerNamedObjectPath [0x77067C24+228]
	RtlGetAppContainerNamedObjectPath [0x77067BF4+180]
">
      <![CDATA[org.openqa.selenium.WebDriverException: chrome not reachable
Build info: version: '3.141.59', revision: 'e82be7d358', time: '2018-11-14T08:17:03'
System info: host: 'LAPTOP-9VR0TBCF', ip: '192.168.1.16', os.name: 'Windows 10', os.arch: 'amd64', os.version: '10.0', java.version: '1.8.0_261'
Driver info: driver.version: EdgeDriver
remote stacktrace: Backtrace:
Ordinal0 [0x0111CB23+3197731]
Ordinal0 [0x00EF75A2+947618]
Ordinal0 [0x00EEE50A+910602]
Ordinal0 [0x00E81813+464915]
Ordinal0 [0x00E7EB78+453496]
Ordinal0 [0x00E7BC1E+441374]
Ordinal0 [0x00E9EE4B+585291]
Ordinal0 [0x00E9E8ED+583917]
Ordinal0 [0x00E9CD4B+576843]
Ordinal0 [0x00E832F2+471794]
Ordinal0 [0x00E8405A+475226]
Ordinal0 [0x00E83FF7+475127]
Ordinal0 [0x01040ECB+2297547]
GetHandleVerifier [0x0121ADBD+940285]
GetHandleVerifier [0x0122B937+1008759]
GetHandleVerifier [0x0121B6E6+942630]
Ordinal0 [0x01039918+2267416]
Ordinal0 [0x0104246B+2303083]
Ordinal0 [0x010425DA+2303450]
Ordinal0 [0x010505C0+2360768]
BaseThreadInitThunk [0x76766359+25]
RtlGetAppContainerNamedObjectPath [0x77067C24+228]
RtlGetAppContainerNamedObjectPath [0x77067BF4+180]

at sun.reflect.NativeConstructorAccessorImpl.newInstance0(Native Method)
at sun.reflect.NativeConstructorAccessorImpl.newInstance(Unknown Source)
at sun.reflect.DelegatingConstructorAccessorImpl.newInstance(Unknown Source)
at java.lang.reflect.Constructor.newInstance(Unknown Source)
at org.openqa.selenium.remote.W3CHandshakeResponse.lambda$errorHandler$0(W3CHandshakeResponse.java:62)
at org.openqa.selenium.remote.HandshakeResponse.lambda$getResponseFunction$0(HandshakeResponse.java:30)
at org.openqa.selenium.remote.ProtocolHandshake.lambda$createSession$0(ProtocolHandshake.java:126)
at java.util.stream.ReferencePipeline$3$1.accept(Unknown Source)
at java.util.Spliterators$ArraySpliterator.tryAdvance(Unknown Source)
at java.util.stream.ReferencePipeline.forEachWithCancel(Unknown Source)
at java.util.stream.AbstractPipeline.copyIntoWithCancel(Unknown Source)
at java.util.stream.AbstractPipeline.copyInto(Unknown Source)
at java.util.stream.AbstractPipeline.wrapAndCopyInto(Unknown Source)
at java.util.stream.FindOps$FindOp.evaluateSequential(Unknown Source)
at java.util.stream.AbstractPipeline.evaluate(Unknown Source)
at java.util.stream.ReferencePipeline.findFirst(Unknown Source)
at org.openqa.selenium.remote.ProtocolHandshake.createSession(ProtocolHandshake.java:128)
at org.openqa.selenium.remote.ProtocolHandshake.createSession(ProtocolHandshake.java:74)
at org.openqa.selenium.remote.HttpCommandExecutor.execute(HttpCommandExecutor.java:136)
at org.openqa.selenium.remote.service.DriverCommandExecutor.execute(DriverCommandExecutor.java:83)
at org.openqa.selenium.remote.RemoteWebDriver.execute(RemoteWebDriver.java:552)
at org.openqa.selenium.remote.RemoteWebDriver.startSession(RemoteWebDriver.java:213)
at org.openqa.selenium.remote.RemoteWebDriver.<init>(RemoteWebDriver.java:131)
at org.openqa.selenium.edge.EdgeDriver.<init>(EdgeDriver.java:141)
at org.openqa.selenium.edge.EdgeDriver.<init>(EdgeDriver.java:96)
at com.SeleniumTest.ReusableMethods.launchBrowser(ReusableMethods.java:41)
at com.SeleniumTest.TC3DB_4Logout.setup(TC3DB_4Logout.java:39)
at sun.reflect.NativeMethodAccessorImpl.invoke0(Native Method)
at sun.reflect.NativeMethodAccessorImpl.invoke(Unknown Source)
at sun.reflect.DelegatingMethodAccessorImpl.invoke(Unknown Source)
at java.lang.reflect.Method.invoke(Unknown Source)
at org.testng.internal.MethodInvocationHelper.invokeMethod(MethodInvocationHelper.java:124)
at org.testng.internal.MethodInvocationHelper.invokeMethodConsideringTimeout(MethodInvocationHelper.java:59)
at org.testng.internal.Invoker.invokeConfigurationMethod(Invoker.java:458)
at org.testng.internal.Invoker.invokeConfigurations(Invoker.java:222)
at org.testng.internal.Invoker.invokeConfigurations(Invoker.java:142)
at org.testng.TestRunner.beforeRun(TestRunner.java:529)
at org.testng.TestRunner.run(TestRunner.java:497)
at org.testng.SuiteRunner.runTest(SuiteRunner.java:455)
at org.testng.SuiteRunner.access$000(SuiteRunner.java:40)
at org.testng.SuiteRunner$SuiteWorker.run(SuiteRunner.java:489)
at org.testng.internal.thread.ThreadUtil$1.call(ThreadUtil.java:52)
at java.util.concurrent.FutureTask.run(Unknown Source)
at java.util.concurrent.ThreadPoolExecutor.runWorker(Unknown Source)
at java.util.concurrent.ThreadPoolExecutor$Worker.run(Unknown Source)
at java.lang.Thread.run(Unknown Source)
]]>
    </error>
  </testcase> <!-- setup -->
  <testcase name="TC4_logout" time="16.842" classname="com.SeleniumTest.TC3DB_4Logout"/>
</testsuite> <!-- com.SeleniumTest.TC3DB_4Logout -->
