<html>
<head>
<title>TestNG:  ChromeTest</title>
<link href="../testng.css" rel="stylesheet" type="text/css" />
<link href="../my-testng.css" rel="stylesheet" type="text/css" />

<style type="text/css">
.log { display: none;} 
.stack-trace { display: none;} 
</style>
<script type="text/javascript">
<!--
function flip(e) {
  current = e.style.display;
  if (current == 'block') {
    e.style.display = 'none';
    return 0;
  }
  else {
    e.style.display = 'block';
    return 1;
  }
}

function toggleBox(szDivId, elem, msg1, msg2)
{
  var res = -1;  if (document.getElementById) {
    res = flip(document.getElementById(szDivId));
  }
  else if (document.all) {
    // this is the way old msie versions work
    res = flip(document.all[szDivId]);
  }
  if(elem) {
    if(res == 0) elem.innerHTML = msg1; else elem.innerHTML = msg2;
  }

}

function toggleAllBoxes() {
  if (document.getElementsByTagName) {
    d = document.getElementsByTagName('div');
    for (i = 0; i < d.length; i++) {
      if (d[i].className == 'log') {
        flip(d[i]);
      }
    }
  }
}

// -->
</script>

</head>
<body>
<h2 align='center'>ChromeTest</h2><table border='1' align="center">
<tr>
<td>Tests passed/Failed/Skipped:</td><td>10/1/0</td>
</tr><tr>
<td>Started on:</td><td>Sun Sep 27 13:54:59 CDT 2020</td>
</tr>
<tr><td>Total time:</td><td>340 seconds (340000 ms)</td>
</tr><tr>
<td>Included groups:</td><td></td>
</tr><tr>
<td>Excluded groups:</td><td></td>
</tr>
</table><p/>
<small><i>(Hover the method name to see the test class name)</i></small><p/>
<table width='100%' border='1' class='invocation-failed'>
<tr><td colspan='4' align='center'><b>FAILED CONFIGURATIONS</b></td></tr>
<tr><td><b>Test method</b></td>
<td width="30%"><b>Exception</b></td>
<td width="10%"><b>Time (seconds)</b></td>
<td><b>Instance</b></td>
</tr>
<tr>
<td title='com.SeleniumTest.TC3DB_4Logout.setup()'><b>setup</b><br>Test class: com.SeleniumTest.TC3DB_4Logout<br>Parameters: edge</td>
<td><div><pre>org.openqa.selenium.WebDriverException: chrome not reachable
Build info: version: &apos;3.141.59&apos;, revision: &apos;e82be7d358&apos;, time: &apos;2018-11-14T08:17:03&apos;
System info: host: &apos;LAPTOP-9VR0TBCF&apos;, ip: &apos;192.168.1.16&apos;, os.name: &apos;Windows 10&apos;, os.arch: &apos;amd64&apos;, os.version: &apos;10.0&apos;, java.version: &apos;1.8.0_261&apos;
Driver info: driver.version: EdgeDriver
remote stacktrace: Backtrace:
	Ordinal0 [0x0111CB23+3197731]
	Ordinal0 [0x00EF75A2+947618]
	Ordinal0 [0x00EEE50A+910602]
	Ordinal0 [0x00E81813+464915]
	Ordinal0 [0x00E7EB78+453496]
	Ordinal0 [0x00E7BC1E+441374]
	Ordinal0 [0x00E9EE4B+585291]
	Ordinal0 [0x00E9E8ED+583917]
	Ordinal0 [0x00E9CD4B+576843]
	Ordinal0 [0x00E832F2+471794]
	Ordinal0 [0x00E8405A+475226]
	Ordinal0 [0x00E83FF7+475127]
	Ordinal0 [0x01040ECB+2297547]
	GetHandleVerifier [0x0121ADBD+940285]
	GetHandleVerifier [0x0122B937+1008759]
	GetHandleVerifier [0x0121B6E6+942630]
	Ordinal0 [0x01039918+2267416]
	Ordinal0 [0x0104246B+2303083]
	Ordinal0 [0x010425DA+2303450]
	Ordinal0 [0x010505C0+2360768]
	BaseThreadInitThunk [0x76766359+25]
	RtlGetAppContainerNamedObjectPath [0x77067C24+228]
	RtlGetAppContainerNamedObjectPath [0x77067BF4+180]

	at org.openqa.selenium.remote.W3CHandshakeResponse.lambda$errorHandler$0(W3CHandshakeResponse.java:62)
	at org.openqa.selenium.remote.HandshakeResponse.lambda$getResponseFunction$0(HandshakeResponse.java:30)
	at org.openqa.selenium.remote.ProtocolHandshake.lambda$createSession$0(ProtocolHandshake.java:126)
	at java.util.stream.ReferencePipeline$3$1.accept(Unknown Source)
	at java.util.Spliterators$ArraySpliterator.tryAdvance(Unknown Source)
	at java.util.stream.ReferencePipeline.forEachWithCancel(Unknown Source)
	at java.util.stream.AbstractPipeline.copyIntoWithCancel(Unknown Source)
	at java.util.stream.AbstractPipeline.copyInto(Unknown Source)
	at java.util.stream.AbstractPipeline.wrapAndCopyInto(Unknown Source)
	at java.util.stream.FindOps$FindOp.evaluateSequential(Unknown Source)
	at java.util.stream.AbstractPipeline.evaluate(Unknown Source)
	at java.util.stream.ReferencePipeline.findFirst(Unknown Source)
	at org.openqa.selenium.remote.ProtocolHandshake.createSession(ProtocolHandshake.java:128)
	at org.openqa.selenium.remote.ProtocolHandshake.createSession(ProtocolHandshake.java:74)
	at org.openqa.selenium.remote.HttpCommandExecutor.execute(HttpCommandExecutor.java:136)
	at org.openqa.selenium.remote.service.DriverCommandExecutor.execute(DriverCommandExecutor.java:83)
	at org.openqa.selenium.remote.RemoteWebDriver.execute(RemoteWebDriver.java:552)
	at org.openqa.selenium.remote.RemoteWebDriver.startSession(RemoteWebDriver.java:213)
	at org.openqa.selenium.remote.RemoteWebDriver.&lt;init&gt;(RemoteWebDriver.java:131)
	at org.openqa.selenium.edge.EdgeDriver.&lt;init&gt;(EdgeDriver.java:141)
	at org.openqa.selenium.edge.EdgeDriver.&lt;init&gt;(EdgeDriver.java:96)
	at com.SeleniumTest.ReusableMethods.launchBrowser(ReusableMethods.java:41)
	at com.SeleniumTest.TC3DB_4Logout.setup(TC3DB_4Logout.java:39)
	at java.util.concurrent.FutureTask.run(Unknown Source)
	at java.util.concurrent.ThreadPoolExecutor.runWorker(Unknown Source)
	at java.util.concurrent.ThreadPoolExecutor$Worker.run(Unknown Source)
	at java.lang.Thread.run(Unknown Source)
... Removed 19 stack frames</pre></div><a href='#' onClick='toggleBox("stack-trace1248475795", this, "Click to show all stack frames", "Click to hide stack frames")'>Click to show all stack frames</a>
<div class='stack-trace' id='stack-trace1248475795'><pre>org.openqa.selenium.WebDriverException: chrome not reachable
Build info: version: &apos;3.141.59&apos;, revision: &apos;e82be7d358&apos;, time: &apos;2018-11-14T08:17:03&apos;
System info: host: &apos;LAPTOP-9VR0TBCF&apos;, ip: &apos;192.168.1.16&apos;, os.name: &apos;Windows 10&apos;, os.arch: &apos;amd64&apos;, os.version: &apos;10.0&apos;, java.version: &apos;1.8.0_261&apos;
Driver info: driver.version: EdgeDriver
remote stacktrace: Backtrace:
	Ordinal0 [0x0111CB23+3197731]
	Ordinal0 [0x00EF75A2+947618]
	Ordinal0 [0x00EEE50A+910602]
	Ordinal0 [0x00E81813+464915]
	Ordinal0 [0x00E7EB78+453496]
	Ordinal0 [0x00E7BC1E+441374]
	Ordinal0 [0x00E9EE4B+585291]
	Ordinal0 [0x00E9E8ED+583917]
	Ordinal0 [0x00E9CD4B+576843]
	Ordinal0 [0x00E832F2+471794]
	Ordinal0 [0x00E8405A+475226]
	Ordinal0 [0x00E83FF7+475127]
	Ordinal0 [0x01040ECB+2297547]
	GetHandleVerifier [0x0121ADBD+940285]
	GetHandleVerifier [0x0122B937+1008759]
	GetHandleVerifier [0x0121B6E6+942630]
	Ordinal0 [0x01039918+2267416]
	Ordinal0 [0x0104246B+2303083]
	Ordinal0 [0x010425DA+2303450]
	Ordinal0 [0x010505C0+2360768]
	BaseThreadInitThunk [0x76766359+25]
	RtlGetAppContainerNamedObjectPath [0x77067C24+228]
	RtlGetAppContainerNamedObjectPath [0x77067BF4+180]

	at sun.reflect.NativeConstructorAccessorImpl.newInstance0(Native Method)
	at sun.reflect.NativeConstructorAccessorImpl.newInstance(Unknown Source)
	at sun.reflect.DelegatingConstructorAccessorImpl.newInstance(Unknown Source)
	at java.lang.reflect.Constructor.newInstance(Unknown Source)
	at org.openqa.selenium.remote.W3CHandshakeResponse.lambda$errorHandler$0(W3CHandshakeResponse.java:62)
	at org.openqa.selenium.remote.HandshakeResponse.lambda$getResponseFunction$0(HandshakeResponse.java:30)
	at org.openqa.selenium.remote.ProtocolHandshake.lambda$createSession$0(ProtocolHandshake.java:126)
	at java.util.stream.ReferencePipeline$3$1.accept(Unknown Source)
	at java.util.Spliterators$ArraySpliterator.tryAdvance(Unknown Source)
	at java.util.stream.ReferencePipeline.forEachWithCancel(Unknown Source)
	at java.util.stream.AbstractPipeline.copyIntoWithCancel(Unknown Source)
	at java.util.stream.AbstractPipeline.copyInto(Unknown Source)
	at java.util.stream.AbstractPipeline.wrapAndCopyInto(Unknown Source)
	at java.util.stream.FindOps$FindOp.evaluateSequential(Unknown Source)
	at java.util.stream.AbstractPipeline.evaluate(Unknown Source)
	at java.util.stream.ReferencePipeline.findFirst(Unknown Source)
	at org.openqa.selenium.remote.ProtocolHandshake.createSession(ProtocolHandshake.java:128)
	at org.openqa.selenium.remote.ProtocolHandshake.createSession(ProtocolHandshake.java:74)
	at org.openqa.selenium.remote.HttpCommandExecutor.execute(HttpCommandExecutor.java:136)
	at org.openqa.selenium.remote.service.DriverCommandExecutor.execute(DriverCommandExecutor.java:83)
	at org.openqa.selenium.remote.RemoteWebDriver.execute(RemoteWebDriver.java:552)
	at org.openqa.selenium.remote.RemoteWebDriver.startSession(RemoteWebDriver.java:213)
	at org.openqa.selenium.remote.RemoteWebDriver.&lt;init&gt;(RemoteWebDriver.java:131)
	at org.openqa.selenium.edge.EdgeDriver.&lt;init&gt;(EdgeDriver.java:141)
	at org.openqa.selenium.edge.EdgeDriver.&lt;init&gt;(EdgeDriver.java:96)
	at com.SeleniumTest.ReusableMethods.launchBrowser(ReusableMethods.java:41)
	at com.SeleniumTest.TC3DB_4Logout.setup(TC3DB_4Logout.java:39)
	at sun.reflect.NativeMethodAccessorImpl.invoke0(Native Method)
	at sun.reflect.NativeMethodAccessorImpl.invoke(Unknown Source)
	at sun.reflect.DelegatingMethodAccessorImpl.invoke(Unknown Source)
	at java.lang.reflect.Method.invoke(Unknown Source)
	at org.testng.internal.MethodInvocationHelper.invokeMethod(MethodInvocationHelper.java:124)
	at org.testng.internal.MethodInvocationHelper.invokeMethodConsideringTimeout(MethodInvocationHelper.java:59)
	at org.testng.internal.Invoker.invokeConfigurationMethod(Invoker.java:458)
	at org.testng.internal.Invoker.invokeConfigurations(Invoker.java:222)
	at org.testng.internal.Invoker.invokeConfigurations(Invoker.java:142)
	at org.testng.TestRunner.beforeRun(TestRunner.java:529)
	at org.testng.TestRunner.run(TestRunner.java:497)
	at org.testng.SuiteRunner.runTest(SuiteRunner.java:455)
	at org.testng.SuiteRunner.access$000(SuiteRunner.java:40)
	at org.testng.SuiteRunner$SuiteWorker.run(SuiteRunner.java:489)
	at org.testng.internal.thread.ThreadUtil$1.call(ThreadUtil.java:52)
	at java.util.concurrent.FutureTask.run(Unknown Source)
	at java.util.concurrent.ThreadPoolExecutor.runWorker(Unknown Source)
	at java.util.concurrent.ThreadPoolExecutor$Worker.run(Unknown Source)
	at java.lang.Thread.run(Unknown Source)
</pre></div></td>
<td>80</td>
<td>com.SeleniumTest.TC3DB_4Logout@3e2e18f2</td></tr>
</table><p>
<table width='100%' border='1' class='invocation-skipped'>
<tr><td colspan='4' align='center'><b>SKIPPED CONFIGURATIONS</b></td></tr>
<tr><td><b>Test method</b></td>
<td width="30%"><b>Exception</b></td>
<td width="10%"><b>Time (seconds)</b></td>
<td><b>Instance</b></td>
</tr>
<tr>
<td title='com.SeleniumTest.TC2_TrailPage.setup()'><b>setup</b><br>Test class: com.SeleniumTest.TC2_TrailPage</td>
<td></td>
<td>0</td>
<td>com.SeleniumTest.TC2_TrailPage@63021689</td></tr>
<tr>
<td title='com.SeleniumTest.XeroLogin.setup()'><b>setup</b><br>Test class: com.SeleniumTest.XeroLogin</td>
<td></td>
<td>0</td>
<td>com.SeleniumTest.XeroLogin@470f1802</td></tr>
<tr>
<td title='com.SeleniumTest.TC2_TrailPage.BeforeMethod()'><b>BeforeMethod</b><br>Test class: com.SeleniumTest.TC2_TrailPage</td>
<td></td>
<td>0</td>
<td>com.SeleniumTest.TC2_TrailPage@63021689</td></tr>
<tr>
<td title='com.SeleniumTest.TC3DB_4Logout.BeforeMethod()'><b>BeforeMethod</b><br>Test class: com.SeleniumTest.TC3DB_4Logout</td>
<td></td>
<td>0</td>
<td>com.SeleniumTest.TC3DB_4Logout@3e2e18f2</td></tr>
<tr>
<td title='com.SeleniumTest.TC3DB_4Logout.BeforeMethod()'><b>BeforeMethod</b><br>Test class: com.SeleniumTest.TC3DB_4Logout</td>
<td></td>
<td>0</td>
<td>com.SeleniumTest.TC3DB_4Logout@3e2e18f2</td></tr>
<tr>
<td title='com.SeleniumTest.XeroLogin.BeforeMethod()'><b>BeforeMethod</b><br>Test class: com.SeleniumTest.XeroLogin</td>
<td></td>
<td>0</td>
<td>com.SeleniumTest.XeroLogin@470f1802</td></tr>
<tr>
<td title='com.SeleniumTest.TC2_TrailPage.BeforeMethod()'><b>BeforeMethod</b><br>Test class: com.SeleniumTest.TC2_TrailPage</td>
<td></td>
<td>0</td>
<td>com.SeleniumTest.TC2_TrailPage@63021689</td></tr>
<tr>
<td title='com.SeleniumTest.XeroLogin.BeforeMethod()'><b>BeforeMethod</b><br>Test class: com.SeleniumTest.XeroLogin</td>
<td></td>
<td>0</td>
<td>com.SeleniumTest.XeroLogin@470f1802</td></tr>
<tr>
<td title='com.SeleniumTest.XeroLogin.BeforeMethod()'><b>BeforeMethod</b><br>Test class: com.SeleniumTest.XeroLogin</td>
<td></td>
<td>0</td>
<td>com.SeleniumTest.XeroLogin@470f1802</td></tr>
<tr>
<td title='com.SeleniumTest.XeroLogin.BeforeMethod()'><b>BeforeMethod</b><br>Test class: com.SeleniumTest.XeroLogin</td>
<td></td>
<td>0</td>
<td>com.SeleniumTest.XeroLogin@470f1802</td></tr>
<tr>
<td title='com.SeleniumTest.TC2_TrailPage.BeforeMethod()'><b>BeforeMethod</b><br>Test class: com.SeleniumTest.TC2_TrailPage</td>
<td></td>
<td>0</td>
<td>com.SeleniumTest.TC2_TrailPage@63021689</td></tr>
<tr>
<td title='com.SeleniumTest.TC2_TrailPage.BeforeMethod()'><b>BeforeMethod</b><br>Test class: com.SeleniumTest.TC2_TrailPage</td>
<td></td>
<td>0</td>
<td>com.SeleniumTest.TC2_TrailPage@63021689</td></tr>
<tr>
<td title='com.SeleniumTest.TC2_TrailPage.BeforeMethod()'><b>BeforeMethod</b><br>Test class: com.SeleniumTest.TC2_TrailPage</td>
<td></td>
<td>0</td>
<td>com.SeleniumTest.TC2_TrailPage@63021689</td></tr>
</table><p>
<table width='100%' border='1' class='invocation-failed'>
<tr><td colspan='4' align='center'><b>FAILED TESTS</b></td></tr>
<tr><td><b>Test method</b></td>
<td width="30%"><b>Exception</b></td>
<td width="10%"><b>Time (seconds)</b></td>
<td><b>Instance</b></td>
</tr>
<tr>
<td title='com.SeleniumTest.TC2_TrailPage.TC2A()'><b>TC2A</b><br>Test class: com.SeleniumTest.TC2_TrailPage</td>
<td><div><pre>org.openqa.selenium.NoSuchElementException: no such element: Unable to locate element: {&quot;method&quot;:&quot;xpath&quot;,&quot;selector&quot;:&quot;//span[@class=&apos;g-recaptcha-submit&apos;]&quot;}
  (Session info: chrome=85.0.4183.121)
For documentation on this error, please visit: https://www.seleniumhq.org/exceptions/no_such_element.html
Build info: version: &apos;3.141.59&apos;, revision: &apos;e82be7d358&apos;, time: &apos;2018-11-14T08:17:03&apos;
System info: host: &apos;LAPTOP-9VR0TBCF&apos;, ip: &apos;192.168.1.16&apos;, os.name: &apos;Windows 10&apos;, os.arch: &apos;amd64&apos;, os.version: &apos;10.0&apos;, java.version: &apos;1.8.0_261&apos;
Driver info: org.openqa.selenium.chrome.ChromeDriver
Capabilities {acceptInsecureCerts: false, browserName: chrome, browserVersion: 85.0.4183.121, chrome: {chromedriverVersion: 85.0.4183.87 (cd6713ebf92fa..., userDataDir: C:\Users\DANIEL~1\AppData\L...}, goog:chromeOptions: {debuggerAddress: localhost:59636}, javascriptEnabled: true, networkConnectionEnabled: false, pageLoadStrategy: normal, platform: WINDOWS, platformName: WINDOWS, proxy: Proxy(), setWindowRect: true, strictFileInteractability: false, timeouts: {implicit: 0, pageLoad: 300000, script: 30000}, unhandledPromptBehavior: dismiss and notify, webauthn:virtualAuthenticators: true}
Session ID: b07c7c7b584c1457ec058b4aa1a257a6
*** Element info: {Using=xpath, value=//span[@class=&apos;g-recaptcha-submit&apos;]}
	at org.openqa.selenium.remote.http.W3CHttpResponseCodec.createException(W3CHttpResponseCodec.java:187)
	at org.openqa.selenium.remote.http.W3CHttpResponseCodec.decode(W3CHttpResponseCodec.java:122)
	at org.openqa.selenium.remote.http.W3CHttpResponseCodec.decode(W3CHttpResponseCodec.java:49)
	at org.openqa.selenium.remote.HttpCommandExecutor.execute(HttpCommandExecutor.java:158)
	at org.openqa.selenium.remote.service.DriverCommandExecutor.execute(DriverCommandExecutor.java:83)
	at org.openqa.selenium.remote.RemoteWebDriver.execute(RemoteWebDriver.java:552)
	at org.openqa.selenium.remote.RemoteWebDriver.findElement(RemoteWebDriver.java:323)
	at org.openqa.selenium.remote.RemoteWebDriver.findElementByXPath(RemoteWebDriver.java:428)
	at org.openqa.selenium.By$ByXPath.findElement(By.java:353)
	at org.openqa.selenium.remote.RemoteWebDriver.findElement(RemoteWebDriver.java:315)
	at org.openqa.selenium.support.pagefactory.DefaultElementLocator.findElement(DefaultElementLocator.java:69)
	at org.openqa.selenium.support.pagefactory.internal.LocatingElementHandler.invoke(LocatingElementHandler.java:38)
	at com.sun.proxy.$Proxy13.click(Unknown Source)
	at com.XeroPages.trailPO.submitClick(trailPO.java:94)
	at com.SeleniumTest.TC2_TrailPage.TC2A(TC2_TrailPage.java:60)
	at java.util.concurrent.FutureTask.run(Unknown Source)
	at java.util.concurrent.ThreadPoolExecutor.runWorker(Unknown Source)
	at java.util.concurrent.ThreadPoolExecutor$Worker.run(Unknown Source)
	at java.lang.Thread.run(Unknown Source)
... Removed 20 stack frames</pre></div><a href='#' onClick='toggleBox("stack-trace254152716", this, "Click to show all stack frames", "Click to hide stack frames")'>Click to show all stack frames</a>
<div class='stack-trace' id='stack-trace254152716'><pre>org.openqa.selenium.NoSuchElementException: no such element: Unable to locate element: {&quot;method&quot;:&quot;xpath&quot;,&quot;selector&quot;:&quot;//span[@class=&apos;g-recaptcha-submit&apos;]&quot;}
  (Session info: chrome=85.0.4183.121)
For documentation on this error, please visit: https://www.seleniumhq.org/exceptions/no_such_element.html
Build info: version: &apos;3.141.59&apos;, revision: &apos;e82be7d358&apos;, time: &apos;2018-11-14T08:17:03&apos;
System info: host: &apos;LAPTOP-9VR0TBCF&apos;, ip: &apos;192.168.1.16&apos;, os.name: &apos;Windows 10&apos;, os.arch: &apos;amd64&apos;, os.version: &apos;10.0&apos;, java.version: &apos;1.8.0_261&apos;
Driver info: org.openqa.selenium.chrome.ChromeDriver
Capabilities {acceptInsecureCerts: false, browserName: chrome, browserVersion: 85.0.4183.121, chrome: {chromedriverVersion: 85.0.4183.87 (cd6713ebf92fa..., userDataDir: C:\Users\DANIEL~1\AppData\L...}, goog:chromeOptions: {debuggerAddress: localhost:59636}, javascriptEnabled: true, networkConnectionEnabled: false, pageLoadStrategy: normal, platform: WINDOWS, platformName: WINDOWS, proxy: Proxy(), setWindowRect: true, strictFileInteractability: false, timeouts: {implicit: 0, pageLoad: 300000, script: 30000}, unhandledPromptBehavior: dismiss and notify, webauthn:virtualAuthenticators: true}
Session ID: b07c7c7b584c1457ec058b4aa1a257a6
*** Element info: {Using=xpath, value=//span[@class=&apos;g-recaptcha-submit&apos;]}
	at sun.reflect.NativeConstructorAccessorImpl.newInstance0(Native Method)
	at sun.reflect.NativeConstructorAccessorImpl.newInstance(Unknown Source)
	at sun.reflect.DelegatingConstructorAccessorImpl.newInstance(Unknown Source)
	at java.lang.reflect.Constructor.newInstance(Unknown Source)
	at org.openqa.selenium.remote.http.W3CHttpResponseCodec.createException(W3CHttpResponseCodec.java:187)
	at org.openqa.selenium.remote.http.W3CHttpResponseCodec.decode(W3CHttpResponseCodec.java:122)
	at org.openqa.selenium.remote.http.W3CHttpResponseCodec.decode(W3CHttpResponseCodec.java:49)
	at org.openqa.selenium.remote.HttpCommandExecutor.execute(HttpCommandExecutor.java:158)
	at org.openqa.selenium.remote.service.DriverCommandExecutor.execute(DriverCommandExecutor.java:83)
	at org.openqa.selenium.remote.RemoteWebDriver.execute(RemoteWebDriver.java:552)
	at org.openqa.selenium.remote.RemoteWebDriver.findElement(RemoteWebDriver.java:323)
	at org.openqa.selenium.remote.RemoteWebDriver.findElementByXPath(RemoteWebDriver.java:428)
	at org.openqa.selenium.By$ByXPath.findElement(By.java:353)
	at org.openqa.selenium.remote.RemoteWebDriver.findElement(RemoteWebDriver.java:315)
	at org.openqa.selenium.support.pagefactory.DefaultElementLocator.findElement(DefaultElementLocator.java:69)
	at org.openqa.selenium.support.pagefactory.internal.LocatingElementHandler.invoke(LocatingElementHandler.java:38)
	at com.sun.proxy.$Proxy13.click(Unknown Source)
	at com.XeroPages.trailPO.submitClick(trailPO.java:94)
	at com.SeleniumTest.TC2_TrailPage.TC2A(TC2_TrailPage.java:60)
	at sun.reflect.NativeMethodAccessorImpl.invoke0(Native Method)
	at sun.reflect.NativeMethodAccessorImpl.invoke(Unknown Source)
	at sun.reflect.DelegatingMethodAccessorImpl.invoke(Unknown Source)
	at java.lang.reflect.Method.invoke(Unknown Source)
	at org.testng.internal.MethodInvocationHelper.invokeMethod(MethodInvocationHelper.java:124)
	at org.testng.internal.Invoker.invokeMethod(Invoker.java:583)
	at org.testng.internal.Invoker.invokeTestMethod(Invoker.java:719)
	at org.testng.internal.Invoker.invokeTestMethods(Invoker.java:989)
	at org.testng.internal.TestMethodWorker.invokeTestMethods(TestMethodWorker.java:125)
	at org.testng.internal.TestMethodWorker.run(TestMethodWorker.java:109)
	at org.testng.TestRunner.privateRun(TestRunner.java:648)
	at org.testng.TestRunner.run(TestRunner.java:505)
	at org.testng.SuiteRunner.runTest(SuiteRunner.java:455)
	at org.testng.SuiteRunner.access$000(SuiteRunner.java:40)
	at org.testng.SuiteRunner$SuiteWorker.run(SuiteRunner.java:489)
	at org.testng.internal.thread.ThreadUtil$1.call(ThreadUtil.java:52)
	at java.util.concurrent.FutureTask.run(Unknown Source)
	at java.util.concurrent.ThreadPoolExecutor.runWorker(Unknown Source)
	at java.util.concurrent.ThreadPoolExecutor$Worker.run(Unknown Source)
	at java.lang.Thread.run(Unknown Source)
</pre></div></td>
<td>21</td>
<td>com.SeleniumTest.TC2_TrailPage@1184ab05</td></tr>
</table><p>
<table width='100%' border='1' class='invocation-passed'>
<tr><td colspan='4' align='center'><b>PASSED TESTS</b></td></tr>
<tr><td><b>Test method</b></td>
<td width="30%"><b>Exception</b></td>
<td width="10%"><b>Time (seconds)</b></td>
<td><b>Instance</b></td>
</tr>
<tr>
<td title='com.SeleniumTest.XeroLogin.TC1ABC()'><b>TC1ABC</b><br>Test class: com.SeleniumTest.XeroLogin<br>Parameters: janice_wmtse@yahoo.ca, 123456.0, //div[@class='x-boxed warning']//p</td>
<td></td>
<td>18</td>
<td>com.SeleniumTest.XeroLogin@47d90b9e</td></tr>
<tr>
<td title='com.SeleniumTest.XeroLogin.TC1ABC()'><b>TC1ABC</b><br>Test class: com.SeleniumTest.XeroLogin<br>Parameters: janice_tse@abc.com, 654321.0, //div[@class='x-boxed warning']//p</td>
<td></td>
<td>6</td>
<td>com.SeleniumTest.XeroLogin@47d90b9e</td></tr>
<tr>
<td title='com.SeleniumTest.XeroLogin.TC1ABC()'><b>TC1ABC</b><br>Test class: com.SeleniumTest.XeroLogin<br>Parameters: janice_wmtse@yahoo.ca, Xero1234, //div[@class='xrh-header--main']</td>
<td></td>
<td>23</td>
<td>com.SeleniumTest.XeroLogin@47d90b9e</td></tr>
<tr>
<td title='com.SeleniumTest.XeroLogin.TC1D()'><b>TC1D</b><br>Test class: com.SeleniumTest.XeroLogin</td>
<td></td>
<td>8</td>
<td>com.SeleniumTest.XeroLogin@47d90b9e</td></tr>
<tr>
<td title='com.SeleniumTest.TC2_TrailPage.TC2B()'><b>TC2B</b><br>Test class: com.SeleniumTest.TC2_TrailPage</td>
<td></td>
<td>16</td>
<td>com.SeleniumTest.TC2_TrailPage@1184ab05</td></tr>
<tr>
<td title='com.SeleniumTest.TC2_TrailPage.TC2C()'><b>TC2C</b><br>Test class: com.SeleniumTest.TC2_TrailPage</td>
<td></td>
<td>21</td>
<td>com.SeleniumTest.TC2_TrailPage@1184ab05</td></tr>
<tr>
<td title='com.SeleniumTest.TC2_TrailPage.TC2D()'><b>TC2D</b><br>Test class: com.SeleniumTest.TC2_TrailPage</td>
<td></td>
<td>14</td>
<td>com.SeleniumTest.TC2_TrailPage@1184ab05</td></tr>
<tr>
<td title='com.SeleniumTest.TC2_TrailPage.TC2E()'><b>TC2E</b><br>Test class: com.SeleniumTest.TC2_TrailPage</td>
<td></td>
<td>18</td>
<td>com.SeleniumTest.TC2_TrailPage@1184ab05</td></tr>
<tr>
<td title='com.SeleniumTest.TC3DB_4Logout.TC3()'><b>TC3</b><br>Test class: com.SeleniumTest.TC3DB_4Logout</td>
<td></td>
<td>48</td>
<td>com.SeleniumTest.TC3DB_4Logout@460d0a57</td></tr>
<tr>
<td title='com.SeleniumTest.TC3DB_4Logout.TC4_logout()'><b>TC4_logout</b><br>Test class: com.SeleniumTest.TC3DB_4Logout</td>
<td></td>
<td>10</td>
<td>com.SeleniumTest.TC3DB_4Logout@460d0a57</td></tr>
</table><p>
</body>
</html>