<?xml version="1.0" encoding="UTF-8"?>
<!-- Generated by org.testng.reporters.JUnitXMLReporter -->
<testsuite hostname="LAPTOP-9VR0TBCF" ignored="0" name="EdgeTest" tests="11" failures="0" timestamp="27 Sep 2020 18:56:26 GMT" time="86.905" errors="0">
  <testcase name="@BeforeTest setup" time="80.418" classname="com.SeleniumTest.TC3DB_4Logout">
    <failure type="org.openqa.selenium.WebDriverException" message="chrome not reachable
Build info: version: &amp;apos;3.141.59&amp;apos;, revision: &amp;apos;e82be7d358&amp;apos;, time: &amp;apos;2018-11-14T08:17:03&amp;apos;
System info: host: &amp;apos;LAPTOP-9VR0TBCF&amp;apos;, ip: &amp;apos;192.168.1.16&amp;apos;, os.name: &amp;apos;Windows 10&amp;apos;, os.arch: &amp;apos;amd64&amp;apos;, os.version: &amp;apos;10.0&amp;apos;, java.version: &amp;apos;1.8.0_261&amp;apos;
Driver info: driver.version: EdgeDriver
remote stacktrace: Backtrace:
	Ordinal0 [0x0111CB23+3197731]
	Ordinal0 [0x00EF75A2+947618]
	Ordinal0 [0x00EEE50A+910602]
	Ordinal0 [0x00E81813+464915]
	Ordinal0 [0x00E7EB78+453496]
	Ordinal0 [0x00E7BC1E+441374]
	Ordinal0 [0x00E9EE4B+585291]
	Ordinal0 [0x00E9E8ED+583917]
	Ordinal0 [0x00E9CD4B+576843]
	Ordinal0 [0x00E832F2+471794]
	Ordinal0 [0x00E8405A+475226]
	Ordinal0 [0x00E83FF7+475127]
	Ordinal0 [0x01040ECB+2297547]
	GetHandleVerifier [0x0121ADBD+940285]
	GetHandleVerifier [0x0122B937+1008759]
	GetHandleVerifier [0x0121B6E6+942630]
	Ordinal0 [0x01039918+2267416]
	Ordinal0 [0x0104246B+2303083]
	Ordinal0 [0x010425DA+2303450]
	Ordinal0 [0x010505C0+2360768]
	BaseThreadInitThunk [0x76766359+25]
	RtlGetAppContainerNamedObjectPath [0x77067C24+228]
	RtlGetAppContainerNamedObjectPath [0x77067BF4+180]
">
      <![CDATA[org.openqa.selenium.WebDriverException: chrome not reachable
Build info: version: '3.141.59', revision: 'e82be7d358', time: '2018-11-14T08:17:03'
System info: host: 'LAPTOP-9VR0TBCF', ip: '192.168.1.16', os.name: 'Windows 10', os.arch: 'amd64', os.version: '10.0', java.version: '1.8.0_261'
Driver info: driver.version: EdgeDriver
remote stacktrace: Backtrace:
Ordinal0 [0x0111CB23+3197731]
Ordinal0 [0x00EF75A2+947618]
Ordinal0 [0x00EEE50A+910602]
Ordinal0 [0x00E81813+464915]
Ordinal0 [0x00E7EB78+453496]
Ordinal0 [0x00E7BC1E+441374]
Ordinal0 [0x00E9EE4B+585291]
Ordinal0 [0x00E9E8ED+583917]
Ordinal0 [0x00E9CD4B+576843]
Ordinal0 [0x00E832F2+471794]
Ordinal0 [0x00E8405A+475226]
Ordinal0 [0x00E83FF7+475127]
Ordinal0 [0x01040ECB+2297547]
GetHandleVerifier [0x0121ADBD+940285]
GetHandleVerifier [0x0122B937+1008759]
GetHandleVerifier [0x0121B6E6+942630]
Ordinal0 [0x01039918+2267416]
Ordinal0 [0x0104246B+2303083]
Ordinal0 [0x010425DA+2303450]
Ordinal0 [0x010505C0+2360768]
BaseThreadInitThunk [0x76766359+25]
RtlGetAppContainerNamedObjectPath [0x77067C24+228]
RtlGetAppContainerNamedObjectPath [0x77067BF4+180]

at org.openqa.selenium.remote.W3CHandshakeResponse.lambda$errorHandler$0(W3CHandshakeResponse.java:62)
at org.openqa.selenium.remote.HandshakeResponse.lambda$getResponseFunction$0(HandshakeResponse.java:30)
at org.openqa.selenium.remote.ProtocolHandshake.lambda$createSession$0(ProtocolHandshake.java:126)
at java.util.stream.ReferencePipeline$3$1.accept(Unknown Source)
at java.util.Spliterators$ArraySpliterator.tryAdvance(Unknown Source)
at java.util.stream.ReferencePipeline.forEachWithCancel(Unknown Source)
at java.util.stream.AbstractPipeline.copyIntoWithCancel(Unknown Source)
at java.util.stream.AbstractPipeline.copyInto(Unknown Source)
at java.util.stream.AbstractPipeline.wrapAndCopyInto(Unknown Source)
at java.util.stream.FindOps$FindOp.evaluateSequential(Unknown Source)
at java.util.stream.AbstractPipeline.evaluate(Unknown Source)
at java.util.stream.ReferencePipeline.findFirst(Unknown Source)
at org.openqa.selenium.remote.ProtocolHandshake.createSession(ProtocolHandshake.java:128)
at org.openqa.selenium.remote.ProtocolHandshake.createSession(ProtocolHandshake.java:74)
at org.openqa.selenium.remote.HttpCommandExecutor.execute(HttpCommandExecutor.java:136)
at org.openqa.selenium.remote.service.DriverCommandExecutor.execute(DriverCommandExecutor.java:83)
at org.openqa.selenium.remote.RemoteWebDriver.execute(RemoteWebDriver.java:552)
at org.openqa.selenium.remote.RemoteWebDriver.startSession(RemoteWebDriver.java:213)
at org.openqa.selenium.remote.RemoteWebDriver.<init>(RemoteWebDriver.java:131)
at org.openqa.selenium.edge.EdgeDriver.<init>(EdgeDriver.java:141)
at org.openqa.selenium.edge.EdgeDriver.<init>(EdgeDriver.java:96)
at com.SeleniumTest.ReusableMethods.launchBrowser(ReusableMethods.java:41)
at com.SeleniumTest.TC3DB_4Logout.setup(TC3DB_4Logout.java:39)
at java.util.concurrent.FutureTask.run(Unknown Source)
at java.util.concurrent.ThreadPoolExecutor.runWorker(Unknown Source)
at java.util.concurrent.ThreadPoolExecutor$Worker.run(Unknown Source)
at java.lang.Thread.run(Unknown Source)
... Removed 19 stack frames]]>
    </failure>
  </testcase> <!-- @BeforeTest setup -->
  <testcase name="@BeforeClass setup" time="0.0" classname="com.SeleniumTest.TC2_TrailPage">
    <skipped/>
  </testcase> <!-- @BeforeClass setup -->
  <testcase name="@BeforeMethod BeforeMethod" time="0.0" classname="com.SeleniumTest.TC2_TrailPage">
    <skipped/>
  </testcase> <!-- @BeforeMethod BeforeMethod -->
  <testcase name="@BeforeMethod BeforeMethod" time="0.0" classname="com.SeleniumTest.TC3DB_4Logout">
    <skipped/>
  </testcase> <!-- @BeforeMethod BeforeMethod -->
  <testcase name="@BeforeMethod BeforeMethod" time="0.0" classname="com.SeleniumTest.TC3DB_4Logout">
    <skipped/>
  </testcase> <!-- @BeforeMethod BeforeMethod -->
  <testcase name="@BeforeClass setup" time="0.0" classname="com.SeleniumTest.XeroLogin">
    <skipped/>
  </testcase> <!-- @BeforeClass setup -->
  <testcase name="@BeforeMethod BeforeMethod" time="0.0" classname="com.SeleniumTest.XeroLogin">
    <skipped/>
  </testcase> <!-- @BeforeMethod BeforeMethod -->
  <testcase name="@BeforeMethod BeforeMethod" time="0.0" classname="com.SeleniumTest.TC2_TrailPage">
    <skipped/>
  </testcase> <!-- @BeforeMethod BeforeMethod -->
  <testcase name="@BeforeMethod BeforeMethod" time="0.0" classname="com.SeleniumTest.XeroLogin">
    <skipped/>
  </testcase> <!-- @BeforeMethod BeforeMethod -->
  <testcase name="@BeforeMethod BeforeMethod" time="0.0" classname="com.SeleniumTest.XeroLogin">
    <skipped/>
  </testcase> <!-- @BeforeMethod BeforeMethod -->
  <testcase name="@BeforeMethod BeforeMethod" time="0.0" classname="com.SeleniumTest.XeroLogin">
    <skipped/>
  </testcase> <!-- @BeforeMethod BeforeMethod -->
  <testcase name="@BeforeMethod BeforeMethod" time="0.0" classname="com.SeleniumTest.TC2_TrailPage">
    <skipped/>
  </testcase> <!-- @BeforeMethod BeforeMethod -->
  <testcase name="@BeforeMethod BeforeMethod" time="0.0" classname="com.SeleniumTest.TC2_TrailPage">
    <skipped/>
  </testcase> <!-- @BeforeMethod BeforeMethod -->
  <testcase name="@BeforeMethod BeforeMethod" time="0.0" classname="com.SeleniumTest.TC2_TrailPage">
    <skipped/>
  </testcase> <!-- @BeforeMethod BeforeMethod -->
  <testcase name="TC2B" time="0.0" classname="com.SeleniumTest.TC2_TrailPage">
    <skipped/>
  </testcase> <!-- TC2B -->
  <testcase name="TC3" time="0.0" classname="com.SeleniumTest.TC3DB_4Logout">
    <skipped/>
  </testcase> <!-- TC3 -->
  <testcase name="TC4_logout" time="0.0" classname="com.SeleniumTest.TC3DB_4Logout">
    <skipped/>
  </testcase> <!-- TC4_logout -->
  <testcase name="TC1D" time="0.0" classname="com.SeleniumTest.XeroLogin">
    <skipped/>
  </testcase> <!-- TC1D -->
  <testcase name="TC2C" time="0.0" classname="com.SeleniumTest.TC2_TrailPage">
    <skipped/>
  </testcase> <!-- TC2C -->
  <testcase name="TC1ABC" time="0.0" classname="com.SeleniumTest.XeroLogin">
    <skipped/>
  </testcase> <!-- TC1ABC -->
  <testcase name="TC1ABC" time="0.0" classname="com.SeleniumTest.XeroLogin">
    <skipped/>
  </testcase> <!-- TC1ABC -->
  <testcase name="TC1ABC" time="0.0" classname="com.SeleniumTest.XeroLogin">
    <skipped/>
  </testcase> <!-- TC1ABC -->
  <testcase name="TC2D" time="0.0" classname="com.SeleniumTest.TC2_TrailPage">
    <skipped/>
  </testcase> <!-- TC2D -->
  <testcase name="TC2E" time="0.0" classname="com.SeleniumTest.TC2_TrailPage">
    <skipped/>
  </testcase> <!-- TC2E -->
  <testcase name="TC2A" time="0.0" classname="com.SeleniumTest.TC2_TrailPage">
    <skipped/>
  </testcase> <!-- TC2A -->
</testsuite> <!-- EdgeTest -->
